0 info it worked if it ends with ok
1 verbose cli [
1 verbose cli   'C:\\Program Files\\nodejs\\node.exe',
1 verbose cli   'C:\\Program Files\\nodejs\\node_modules\\npm\\bin\\npm-cli.js',
1 verbose cli   'run',
1 verbose cli   'test'
1 verbose cli ]
2 info using npm@6.12.1
3 info using node@v12.13.1
4 verbose run-script [ 'pretest', 'test', 'posttest' ]
5 info lifecycle backend-bwamern@0.0.0~pretest: backend-bwamern@0.0.0
6 info lifecycle backend-bwamern@0.0.0~test: backend-bwamern@0.0.0
7 verbose lifecycle backend-bwamern@0.0.0~test: unsafe-perm in lifecycle true
8 verbose lifecycle backend-bwamern@0.0.0~test: PATH: C:\Program Files\nodejs\node_modules\npm\node_modules\npm-lifecycle\node-gyp-bin;C:\laragon\www\backend-bwaMern\node_modules\.bin;C:\Program Files\Git\mingw64\bin;C:\Program Files\Git\usr\bin;C:\Users\Qtera Laptop\bin;C:\windows\system32;C:\windows;C:\windows\System32\Wbem;C:\windows\System32\WindowsPowerShell\v1.0;C:\windows\System32\OpenSSH;C:\Users\Qtera Laptop\AppData\Roaming\Microsoft\Windows\Start Menu\Programs\Python 3.8;C:\laragon\bin;C:\laragon\bin\php\php-7.4.9-Win32-vc15-x64;C:\Users\Qtera Laptop\AppData\Roaming\Composer;C:\ProgramData\ComposerSetup\bin;C:\Program Files\Git\cmd;C:\Program Files\PuTTY;C:\ProgramData\chocolatey\bin;C:\Program Files\OpenJDK\openjdk-8u272-b10\bin;C:\Users\Qtera Laptop\AppData\Local\Android\Sdk\platform-tools;C:\Program Files\nodejs;C:\Program Files\Java\jdk1.8.0_211\bin;C:\Program Files (x86)\Yarn\bin;C:\laragon\bin;C:\laragon\bin\apache\httpd-2.4.35-win64-VC15\bin;C:\laragon\bin\composer;C:\laragon\bin\git\bin;C:\laragon\bin\git\cmd;C:\laragon\bin\git\mingw64\bin;C:\laragon\bin\git\usr\bin;C:\laragon\bin\laragon\utils;C:\laragon\bin\mysql\mysql-5.7.24-winx64\bin;C:\laragon\bin\nginx\nginx-1.16.0;C:\laragon\bin\ngrok;C:\laragon\bin\nodejs\node-v12;C:\laragon\bin\notepad++;C:\laragon\bin\php\php-7.4.9-Win32-vc15-x64;C:\laragon\bin\putty;C:\laragon\bin\redis\redis-x64-3.2.100;C:\laragon\bin\telnet;C:\laragon\usr\bin;C:\Users\Qtera Laptop\AppData\Local\Yarn\config\global\node_modules\.bin;C:\Users\Qtera Laptop\AppData\Roaming\Composer\vendor\bin;C:\Users\Qtera Laptop\AppData\Local\Programs\Python\Python37\Scripts;C:\Users\Qtera Laptop\AppData\Local\Programs\Python\Python37;C:\Users\Qtera Laptop\AppData\Local\Microsoft\WindowsApps;C:\Users\Qtera Laptop\AppData\Local\Programs\Microsoft VS Code\bin;C:\Users\Qtera Laptop\AppData\Local\GitHubDesktop\bin;C:\Users\Qtera Laptop\AppData\Roaming\npm;C:\Users\Qtera Laptop\AppData\Local\Yarn\bin
9 verbose lifecycle backend-bwamern@0.0.0~test: CWD: C:\laragon\www\backend-bwaMern
10 silly lifecycle backend-bwamern@0.0.0~test: Args: [ '/d /s /c', 'mocha --exit' ]
11 silly lifecycle backend-bwamern@0.0.0~test: Returned: code: 1  signal: null
12 info lifecycle backend-bwamern@0.0.0~test: Failed to exec test script
13 verbose stack Error: backend-bwamern@0.0.0 test: `mocha --exit`
13 verbose stack Exit status 1
13 verbose stack     at EventEmitter.<anonymous> (C:\Program Files\nodejs\node_modules\npm\node_modules\npm-lifecycle\index.js:332:16)
13 verbose stack     at EventEmitter.emit (events.js:210:5)
13 verbose stack     at ChildProcess.<anonymous> (C:\Program Files\nodejs\node_modules\npm\node_modules\npm-lifecycle\lib\spawn.js:55:14)
13 verbose stack     at ChildProcess.emit (events.js:210:5)
13 verbose stack     at maybeClose (internal/child_process.js:1021:16)
13 verbose stack     at Process.ChildProcess._handle.onexit (internal/child_process.js:283:5)
14 verbose pkgid backend-bwamern@0.0.0
15 verbose cwd C:\laragon\www\backend-bwaMern
16 verbose Windows_NT 10.0.19041
17 verbose argv "C:\\Program Files\\nodejs\\node.exe" "C:\\Program Files\\nodejs\\node_modules\\npm\\bin\\npm-cli.js" "run" "test"
18 verbose node v12.13.1
19 verbose npm  v6.12.1
20 error code ELIFECYCLE
21 error errno 1
22 error backend-bwamern@0.0.0 test: `mocha --exit`
22 error Exit status 1
23 error Failed at the backend-bwamern@0.0.0 test script.
23 error This is probably not a problem with npm. There is likely additional logging output above.
24 verbose exit [ 1, true ]
